  Compiling CUDA source file bfs_run.cu...
  
  C:\Users\muhar\Desktop\PRS\CUDA_Projekat\PRS_Projekat>"C:\Program Files\NVIDIA GPU Computing Toolkit\CUDA\v11.8\bin\nvcc.exe" -gencode=arch=compute_52,code=\"sm_52,compute_52\" --use-local-env -ccbin "D:\Program Files\Microsoft Visual Studio\2022\Community\VC\Tools\MSVC\14.32.31326\bin\HostX64\x64" -x cu   -IC:\Users\muhar\Desktop\PRS\CUDA_Projekat\PRS_Projekat -I"C:\Program Files\NVIDIA GPU Computing Toolkit\CUDA\v11.8\include" -I"C:\Program Files\NVIDIA GPU Computing Toolkit\CUDA\v11.8\include"  -G   --keep-dir x64\Debug  -maxrregcount=0  --machine 64 --compile -cudart static  -g  -DWIN32 -DWIN64 -D_DEBUG -D_CONSOLE -D_MBCS -Xcompiler "/EHsc /W3 /nologo /Od /Fdx64\Debug\vc143.pdb /FS /Zi /RTC1 /MDd " -o C:\Users\muhar\Desktop\PRS\CUDA_Projekat\PRS_Projekat\x64\Debug\bfs_run.cu.obj "C:\Users\muhar\Desktop\PRS\CUDA_Projekat\PRS_Projekat\bfs_run.cu" 
C:\Users\muhar\Desktop\PRS\CUDA_Projekat\PRS_Projekat\bfs_run.cu(83): warning #177-D: variable "d_level" was declared but never referenced
  
C:\Users\muhar\Desktop\PRS\CUDA_Projekat\PRS_Projekat\bfs_run.cu(162): warning #177-D: variable "d_level" was declared but never referenced
  
  bfs_run.cu
C:\Users\muhar\Desktop\PRS\CUDA_Projekat\PRS_Projekat\bfs_run.cu(144): warning C4244: 'initializing': conversion from '_Rep' to 'long', possible loss of data
          with
          [
              _Rep=__int64
          ]
C:\Users\muhar\Desktop\PRS\CUDA_Projekat\PRS_Projekat\bfs_run.cu(83): warning C4101: 'd_level': unreferenced local variable
C:\Users\muhar\Desktop\PRS\CUDA_Projekat\PRS_Projekat\bfs_run.cu(223): warning C4244: 'initializing': conversion from '_Rep' to 'long', possible loss of data
          with
          [
              _Rep=__int64
          ]
C:\Users\muhar\Desktop\PRS\CUDA_Projekat\PRS_Projekat\bfs_run.cu(162): warning C4101: 'd_level': unreferenced local variable
     Creating library C:\Users\muhar\Desktop\PRS\CUDA_Projekat\PRS_Projekat\x64\Debug\CudaRuntime1.lib and object C:\Users\muhar\Desktop\PRS\CUDA_Projekat\PRS_Projekat\x64\Debug\CudaRuntime1.exp
LINK : warning LNK4098: defaultlib 'LIBCMT' conflicts with use of other libs; use /NODEFAULTLIB:library
  CudaRuntime1.vcxproj -> C:\Users\muhar\Desktop\PRS\CUDA_Projekat\PRS_Projekat\x64\Debug\CudaRuntime1.exe
